This is pdfeTeXk, Version 3.141592-1.11a-2.1 (Web2c 7.5.2) (format=pdflatex_ml 2004.5.10)  5 DEC 2023 20:06
 %&-line parsing enabled.
 (c:\swp55\TCITeX/web2c/cp8bit.tcx)
**&pdflatex_ml C:/Users/P1/AppData/Local/Temp/swp0000.tex
(c:/Users/P1/AppData/Local/Temp/swp0000.tex{c:\swp55\TCITeX/pdftex/config/pdfte
x.cfg}
LaTeX2e <2003/12/01>
Babel <v3.8a> and hyphenation patterns for american, english, french, german, n
german, loaded.
(c:\swp55\TCITeX/tex/latex/base/article.cls
Document Class: article 2004/02/16 v1.4f Standard LaTeX document class
(c:\swp55\TCITeX/tex/latex/base/size12.clo
File: size12.clo 2004/02/16 v1.4f Standard LaTeX file (size option)
)
\c@part=\count79
\c@section=\count80
\c@subsection=\count81
\c@subsubsection=\count82
\c@paragraph=\count83
\c@subparagraph=\count84
\c@figure=\count85
\c@table=\count86
\abovecaptionskip=\skip41
\belowcaptionskip=\skip42
\bibindent=\dimen102
)
(c:\swp55\TCITeX/tex/latex/required/graphics/graphicx.sty
Package: graphicx 1999/02/16 v1.0f Enhanced LaTeX Graphics (DPC,SPQR)

(c:\swp55\TCITeX/tex/latex/required/graphics/keyval.sty
Package: keyval 1999/03/16 v1.13 key=value parser (DPC)
\KV@toks@=\toks14
)
(c:\swp55\TCITeX/tex/latex/required/graphics/graphics.sty
Package: graphics 2001/07/07 v1.0n Standard LaTeX Graphics (DPC,SPQR)

(c:\swp55\TCITeX/tex/latex/required/graphics/trig.sty
Package: trig 1999/03/16 v1.09 sin cos tan (DPC)
)
(c:\swp55\TCITeX/tex/latex/required/graphics/graphics.cfg
File: graphics.cfg 
)
Package graphics Info: Driver file: pdftex.def on input line 80.

(c:\swp55\TCITeX/tex/latex/required/graphics/pdftex.def
File: pdftex.def 2002/06/19 v0.03k graphics/color for pdftex
\Gread@gobject=\count87
))
\Gin@req@height=\dimen103
\Gin@req@width=\dimen104
)
(c:\swp55\TCITeX/tex/latex/contrib/hyperref/hyperref.sty
Package: hyperref 2003/11/30 v6.74m Hypertext links for LaTeX
\@linkdim=\dimen105
\Hy@linkcounter=\count88
\Hy@pagecounter=\count89

(c:\swp55\TCITeX/tex/latex/contrib/hyperref/pd1enc.def
File: pd1enc.def 2003/11/30 v6.74m Hyperref: PDFDocEncoding definition (HO)
)
Package hyperref Info: Hyper figures OFF on input line 1880.
Package hyperref Info: Link nesting OFF on input line 1885.
Package hyperref Info: Hyper index ON on input line 1888.
Package hyperref Info: Plain pages ON on input line 1893.
Package hyperref Info: Backreferencing OFF on input line 1900.

Implicit mode ON; LaTeX internals redefined
Package hyperref Info: Bookmarks ON on input line 2004.
(c:\swp55\TCITeX/tex/latex/contrib/misc/url.sty
\Urlmuskip=\muskip10
Package: url 2005/06/27  ver 3.2  Verb mode for urls, etc.
)
LaTeX Info: Redefining \url on input line 2143.
\Fld@menulength=\count90
\Field@Width=\dimen106
\Fld@charsize=\dimen107
\Choice@toks=\toks15
\Field@toks=\toks16
Package hyperref Info: Hyper figures OFF on input line 2618.
Package hyperref Info: Link nesting OFF on input line 2623.
Package hyperref Info: Hyper index ON on input line 2626.
Package hyperref Info: backreferencing OFF on input line 2633.
Package hyperref Info: Link coloring OFF on input line 2638.
\c@Item=\count91
\c@Hfootnote=\count92
)
*hyperref using default driver hpdftex*
(c:\swp55\TCITeX/tex/latex/contrib/hyperref/hpdftex.def
File: hpdftex.def 2003/11/30 v6.74m Hyperref driver for pdfTeX

(c:\swp55\TCITeX/tex/latex/required/psnfss/pifont.sty
Package: pifont 2002/09/08 PSNFSS-v9.0a Pi font support (SPQR) 
LaTeX Font Info:    Try loading font information for U+pzd on input line 62.

(c:\swp55\TCITeX/tex/latex/required/psnfss/upzd.fd
File: upzd.fd 2001/06/04 font definitions for U/pzd.
)
LaTeX Font Info:    Try loading font information for U+psy on input line 63.

(c:\swp55\TCITeX/tex/latex/required/psnfss/upsy.fd
File: upsy.fd 2001/06/04 font definitions for U/psy.
))
\Fld@listcount=\count93
\@outlinefile=\write3
)
(c:\swp55\TCITeX/tex/latex/required/psnfss/mathpple.sty
Package: mathpple 2002/09/08 PSNFSS-v9.0a Palatino w/ Math (WaS) 
)
(c:\swp55\TCITeX/tex/latex/amsmath/amsmath.sty
Package: amsmath 2000/07/18 v2.13 AMS math features
\@mathmargin=\skip43

For additional information on amsmath, use the `?' option.
(c:\swp55\TCITeX/tex/latex/amsmath/amstext.sty
Package: amstext 2000/06/29 v2.01

(c:\swp55\TCITeX/tex/latex/amsmath/amsgen.sty
File: amsgen.sty 1999/11/30 v2.0
\@emptytoks=\toks17
\ex@=\dimen108
))
(c:\swp55\TCITeX/tex/latex/amsmath/amsbsy.sty
Package: amsbsy 1999/11/29 v1.2d
\pmbraise@=\dimen109
)
(c:\swp55\TCITeX/tex/latex/amsmath/amsopn.sty
Package: amsopn 1999/12/14 v2.01 operator names
)
\inf@bad=\count94
LaTeX Info: Redefining \frac on input line 211.
\uproot@=\count95
\leftroot@=\count96
LaTeX Info: Redefining \overline on input line 307.
\classnum@=\count97
\DOTSCASE@=\count98
LaTeX Info: Redefining \ldots on input line 379.
LaTeX Info: Redefining \dots on input line 382.
LaTeX Info: Redefining \cdots on input line 467.
\Mathstrutbox@=\box26
\strutbox@=\box27
\big@size=\dimen110
LaTeX Font Info:    Redeclaring font encoding OML on input line 567.
LaTeX Font Info:    Redeclaring font encoding OMS on input line 568.
\macc@depth=\count99
\c@MaxMatrixCols=\count100
\dotsspace@=\muskip11
\c@parentequation=\count101
\dspbrk@lvl=\count102
\tag@help=\toks18
\row@=\count103
\column@=\count104
\maxfields@=\count105
\andhelp@=\toks19
\eqnshift@=\dimen111
\alignsep@=\dimen112
\tagshift@=\dimen113
\tagwidth@=\dimen114
\totwidth@=\dimen115
\lineht@=\dimen116
\@envbody=\toks20
\multlinegap=\skip44
\multlinetaggap=\skip45
\mathdisplay@stack=\toks21
LaTeX Info: Redefining \[ on input line 2666.
LaTeX Info: Redefining \] on input line 2667.
)
(c:\swp55\TCITeX/tex/latex/base/exscale.sty
Package: exscale 1997/06/16 v2.1g Standard LaTeX package exscale
LaTeX Font Info:    Redeclaring symbol font `largesymbols' on input line 52.
LaTeX Font Info:    Overwriting symbol font `largesymbols' in version `normal'
(Font)                  OMX/zpple/m/n --> OMX/cmex/m/n on input line 52.
LaTeX Font Info:    Overwriting symbol font `largesymbols' in version `bold'
(Font)                  OMX/zpple/m/n --> OMX/cmex/m/n on input line 52.
\big@size=\dimen117
)
(c:\swp55\TCITeX/tex/latex/contrib/setspace/setspace.sty
Package: setspace 2000/12/01 6.7 Contributed and Supported LaTeX2e package

Package: `setspace' 6.7 <2000/12/01>
) (c:\swp55\TCITeX/tex/latex/contrib/xcolor/xcolor.sty
Package: xcolor 2005/12/21 v2.09 LaTeX color extensions (UK)

(c:\swp55\TCITeX/tex/latex/required/graphics/color.cfg
File: color.cfg 
)
Package xcolor Info: Driver file: pdftex.def on input line 220.
Package xcolor Info: Model `cmy' substituted by `cmy0' on input line 1328.
Package xcolor Info: Model `hsb' substituted by `rgb' on input line 1332.
Package xcolor Info: Model `RGB' extended on input line 1344.
Package xcolor Info: Model `HTML' substituted by `rgb' on input line 1346.
Package xcolor Info: Model `Hsb' substituted by `hsb' on input line 1347.
Package xcolor Info: Model `tHsb' substituted by `hsb' on input line 1348.
Package xcolor Info: Model `HSB' substituted by `hsb' on input line 1349.
Package xcolor Info: Model `Gray' substituted by `gray' on input line 1350.
Package xcolor Info: Model `wave' substituted by `hsb' on input line 1351.
)
(c:\swp55\TCITeX/tex/latex/contrib/geometry/geometry.sty
Package: geometry 2002/07/08 v3.2 Page Geometry
\Gm@cnth=\count106
\Gm@cntv=\count107
\c@Gm@tempcnt=\count108
\Gm@bindingoffset=\dimen118
\Gm@wd@mp=\dimen119
\Gm@odd@mp=\dimen120
\Gm@even@mp=\dimen121
\Gm@dimlist=\toks22

(c:\swp55\TCITeX/tex/latex/contrib/geometry/geometry.cfg))
(c:\swp55\TCITeX/tex/latex/pdflscape.sty
Package: pdflscape 2001/02/04 v0.2 Landscape pages in PDF (HO)

(c:\swp55\TCITeX/tex/latex/required/graphics/lscape.sty
Package: lscape 2000/10/22 v3.01 Landscape Pages (DPC)
))
(c:\swp55\TCITeX/tex/latex/showkeys.sty
Package: showkeys 2022/04/12 v3.18 Show cite and label keys (DPC, MH)
)
(c:\swp55\TCITeX/tex/latex/contrib/natbib/natbib.sty
Package: natbib 2003/06/06 7.1 (PWD)
\bibhang=\skip46
\bibsep=\skip47
LaTeX Info: Redefining \cite on input line 518.
\c@NAT@ctr=\count109
)
(c:\swp55\TCITeX/tex/latex/SWmacros/tcilatex.tex
TCILATEX Macros for Scientific Word and Scientific WorkPlace 5.5 <06 Oct 2005>.

NOTICE: This macro file is NOT proprietary and may be freely copied and distrib
uted.
\msipdfoutput=\count110
\@hour=\count111
\@minute=\count112
\GRAPHICSTYPE=\count113
\@msidraft=\count114
\dispkind=\count115
\c@chapter=\count116
\theight=\dimen122
LaTeX Info: Redefining \rm on input line 653.
LaTeX Info: Redefining \sf on input line 654.
LaTeX Info: Redefining \tt on input line 655.
LaTeX Info: Redefining \bf on input line 656.
LaTeX Info: Redefining \it on input line 657.
LaTeX Info: Redefining \sl on input line 658.
LaTeX Info: Redefining \sc on input line 659.
\c@theorem=\count117
\c@axiom=\count118
\c@remark=\count119
\c@example=\count120
\c@exercise=\count121
\c@definition=\count122
\c@equationnumber=\count123
\temptoksa=\toks23
\temptoksb=\toks24
\temptoksc=\toks25
)
Package hyperref Info: Option `colorlinks' set `true' on input line 40.
Package hyperref Info: Option `breaklinks' set `true' on input line 40.

No file swp0000.aux.
\openout1 = `swp0000.aux'.

LaTeX Font Info:    Checking defaults for OML/cmm/m/it on input line 43.
LaTeX Font Info:    ... okay on input line 43.
LaTeX Font Info:    Checking defaults for T1/cmr/m/n on input line 43.
LaTeX Font Info:    ... okay on input line 43.
LaTeX Font Info:    Checking defaults for OT1/cmr/m/n on input line 43.
LaTeX Font Info:    ... okay on input line 43.
LaTeX Font Info:    Checking defaults for OMS/cmsy/m/n on input line 43.
LaTeX Font Info:    ... okay on input line 43.
LaTeX Font Info:    Checking defaults for OMX/cmex/m/n on input line 43.
LaTeX Font Info:    ... okay on input line 43.
LaTeX Font Info:    Checking defaults for U/cmr/m/n on input line 43.
LaTeX Font Info:    ... okay on input line 43.
LaTeX Font Info:    Checking defaults for PD1/pdf/m/n on input line 43.
LaTeX Font Info:    ... okay on input line 43.
LaTeX Font Info:    Try loading font information for T1+ppl on input line 43.
(c:\swp55\TCITeX/tex/latex/required/psnfss/t1ppl.fd
File: t1ppl.fd 2001/06/04 font definitions for T1/ppl.
)
Package hyperref Info: Link coloring ON on input line 43.

(c:\swp55\TCITeX/tex/latex/contrib/hyperref/nameref.sty
Package: nameref 2001/01/27 v2.19 Cross-referencing by name of section
\c@section@level=\count124
)
LaTeX Info: Redefining \ref on input line 43.
LaTeX Info: Redefining \pageref on input line 43.
\openout3 = `swp0000.out'.

-------------------- Geometry parameters
paper: a4paper
landscape: --
twocolumn: --
twoside: --
asymmetric: --
h-parts: 56.9055pt, 483.69687pt, 56.9055pt
v-parts: 62.59605pt, 719.85474pt, 62.59605pt
hmarginratio: --
vmarginratio: --
lines: --
heightrounded: --
bindingoffset: 0.0pt
truedimen: --
includehead: --
includefoot: --
includemp: --
driver: pdftex
-------------------- Page layout dimensions and switches
\paperwidth  597.50787pt
\paperheight 845.04684pt
\textwidth  483.69687pt
\textheight 719.85474pt
\oddsidemargin  -15.36449pt
\evensidemargin -15.36449pt
\topmargin  -46.67393pt
\headheight 12.0pt
\headsep    25.0pt
\footskip   30.0pt
\marginparwidth 35.0pt
\marginparsep   10.0pt
\columnsep  10.0pt
\skip\footins  10.8pt plus 4.0pt minus 2.0pt
\hoffset 0.0pt
\voffset 0.0pt
\mag 1000

(1in=72.27pt, 1cm=28.45pt)
-----------------------
LaTeX Font Info:    Try loading font information for OT1+zpple on input line 49
.

(c:\swp55\TCITeX/tex/latex/required/psnfss/ot1zpple.fd
File: ot1zpple.fd 1999/12/20 Fontinst v1.801 font definitions for OT1/zpple.
)
LaTeX Font Info:    Try loading font information for OML+zpple on input line 49
.

(c:\swp55\TCITeX/tex/latex/required/psnfss/omlzpple.fd
File: omlzpple.fd 1999/12/20 Fontinst v1.801 font definitions for OML/zpple.
)
LaTeX Font Info:    Try loading font information for OMS+zpple on input line 49
.

(c:\swp55\TCITeX/tex/latex/required/psnfss/omszpple.fd
File: omszpple.fd 1999/12/20 Fontinst v1.801 font definitions for OMS/zpple.
)
LaTeX Font Info:    Try loading font information for T1+cmss on input line 49.

(c:\swp55\TCITeX/tex/latex/base/t1cmss.fd
File: t1cmss.fd 1999/05/25 v2.5h Standard LaTeX font definitions
)
LaTeX Font Info:    Font shape `T1/ppl/bx/n' in size <17.28> not available
(Font)              Font shape `T1/ppl/b/n' tried instead on input line 50.
LaTeX Font Info:    External font `cmex7' loaded for size
(Font)              <7> on input line 54.
 [1

{c:\swp55\TCITeX/pdftex/config/TrueTeX.map}{c:\swp55\TCITeX/pdftex/config/WinFo
nts.map}{c:\swp55\TCITeX/pdftex/config/msi.map}] [2] (./swp0000.aux) ) 
Here is how much of TeX's memory you used:
 4406 strings out of 95282
 56528 string characters out of 1187734
 124756 words of memory out of 1572906
 7354 multiletter control sequences out of 10000+50000
 44752 words of font info for 107 fonts, out of 1000000 for 2000
 22 hyphenation exceptions out of 1000
 27i,19n,36p,311b,252s stack positions out of 5000i,500n,6000p,200000b,40000s
 56 PDF objects out of 300000
 10 named destinations out of 131072
 17 words of extra memory for PDF output out of 65536
<c:\swp55
\TCITeX/fonts/type1/eurm10.pfb>{c:\swp55\TCITeX/fonts/type1/cmex10.enc}<c:\swp5
5\TCITeX/fonts/truetype/cmex10.ttf>{c:\swp55\TCITeX/fonts/type1/cmsy10.enc}<c:\
swp55\TCITeX/fonts/truetype/cmsy10.ttf>{c:\swp55\TCITeX/fonts/type1/cmmi10.enc}
<c:\swp55\TCITeX/fonts/truetype/cmmi10.ttf><c:\swp55\TCITeX/fonts/type1/eurb10.
pfb>{c:\swp55\TCITeX/fonts/type1/cmr10.enc}<c:\swp55\TCITeX/fonts/truetype/cmr1
0.ttf>{c:\swp55\TCITeX/tex/LaTeX/required/psnfss/8r.enc}<c:\swp55\TCITeX/fonts/
type1/uplri8a.pfb>{c:\swp55\TCITeX/fonts/type1/cmss12.enc}<c:\swp55\TCITeX/font
s/truetype/cmss12.ttf><c:\swp55\TCITeX/fonts/type1/uplb8a.pfb>{c:\swp55\TCITeX/
fonts/type1/dcss10.enc}<c:\swp55\TCITeX/fonts/truetype/dcss10.ttf><c:\swp55\TCI
TeX/fonts/type1/uplr8a.pfb>
Output written on swp0000.pdf (2 pages, 76684 bytes).
